<?xml version="1.0" encoding="UTF-8"?>
<!-- Generated by org.testng.reporters.JUnitReportReporter -->
<testsuite hostname="DESKTOP-S4CFEC8" failures="0" tests="1" name="com.training.sanity.tests.AdminCreateAUserTest" time="18.778" errors="0" timestamp="2020-10-15T17:18:58 IST" skipped="0">
  <testcase classname="com.training.sanity.tests.AdminCreateAUserTest" name="validate" time="18.778"/>
  <system-out/>
</testsuite> <!-- com.training.sanity.tests.AdminCreateAUserTest -->
