<?xml version="1.0" encoding="UTF-8"?>
<!-- Generated by org.testng.reporters.JUnitReportReporter -->
<testsuite hostname="DESKTOP-S4CFEC8" failures="0" tests="1" name="com.training.sanity.tests.StudentCommentTest" time="18.663" errors="0" timestamp="2020-10-15T16:53:37 IST" skipped="0">
  <testcase classname="com.training.sanity.tests.StudentCommentTest" name="validate" time="18.663"/>
  <system-out/>
</testsuite> <!-- com.training.sanity.tests.StudentCommentTest -->
