<?xml version="1.0" encoding="UTF-8"?>
<!-- Generated by org.testng.reporters.JUnitReportReporter -->
<testsuite hostname="DESKTOP-S4CFEC8" failures="0" tests="1" name="com.training.sanity.tests.AdminCategoryCourseTest" time="21.599" errors="0" timestamp="2020-10-15T17:12:58 IST" skipped="0">
  <testcase classname="com.training.sanity.tests.AdminCategoryCourseTest" name="validate" time="21.599"/>
  <system-out/>
</testsuite> <!-- com.training.sanity.tests.AdminCategoryCourseTest -->
