<?xml version="1.0" encoding="UTF-8"?>
<!-- Generated by org.testng.reporters.JUnitReportReporter -->
<testsuite hostname="DESKTOP-S4CFEC8" failures="0" tests="1" name="com.training.sanity.tests.LoginTests" time="6.361" errors="0" timestamp="2020-10-11T19:28:10 IST" skipped="0">
  <testcase classname="com.training.sanity.tests.LoginTests" name="validLoginTest" time="6.361"/>
  <system-out/>
</testsuite> <!-- com.training.sanity.tests.LoginTests -->
